<?xml version="1.0" encoding="UTF-8"?>
<testng-results ignored="0" total="4" passed="3" failed="1" skipped="0">
  <reporter-output>
  </reporter-output>
  <suite started-at="2023-08-04T17:31:27 IST" name="Default suite" finished-at="2023-08-04T17:33:09 IST" duration-ms="101470">
    <groups>
    </groups>
    <test started-at="2023-08-04T17:31:27 IST" name="Default test" finished-at="2023-08-04T17:33:09 IST" duration-ms="101470">
      <class name="test.LoginTest">
        <test-method is-config="true" signature="configureReports()[pri:0, instance:test.LoginTest@477b4cdf]" started-at="2023-08-04T17:31:27 IST" name="configureReports" finished-at="2023-08-04T17:31:28 IST" duration-ms="462" status="PASS">
          <reporter-output>
          </reporter-output>
        </test-method> <!-- configureReports -->
        <test-method is-config="true" signature="OpenBrowser()[pri:0, instance:test.LoginTest@477b4cdf]" started-at="2023-08-04T17:31:28 IST" name="OpenBrowser" finished-at="2023-08-04T17:32:23 IST" duration-ms="54619" status="PASS">
          <reporter-output>
          </reporter-output>
        </test-method> <!-- OpenBrowser -->
        <test-method signature="creatNewAccount()[pri:0, instance:test.LoginTest@477b4cdf]" started-at="2023-08-04T17:32:23 IST" name="creatNewAccount" finished-at="2023-08-04T17:32:27 IST" duration-ms="3938" status="PASS">
          <reporter-output>
          </reporter-output>
        </test-method> <!-- creatNewAccount -->
        <test-method is-config="true" signature="captureResult(org.testng.ITestResult)[pri:0, instance:test.LoginTest@477b4cdf]" started-at="2023-08-04T17:32:27 IST" name="captureResult" finished-at="2023-08-04T17:32:27 IST" duration-ms="831" status="PASS">
          <params>
            <param index="0">
              <value>
                <![CDATA[[TestResult name=creatNewAccount status=SUCCESS method=LoginTest.creatNewAccount()[pri:0, instance:test.LoginTest@477b4cdf] output={null}]]]>
              </value>
            </param>
          </params>
          <reporter-output>
          </reporter-output>
        </test-method> <!-- captureResult -->
        <test-method is-config="true" signature="OpenBrowser()[pri:0, instance:test.LoginTest@477b4cdf]" started-at="2023-08-04T17:32:27 IST" name="OpenBrowser" finished-at="2023-08-04T17:32:35 IST" duration-ms="7186" status="PASS">
          <reporter-output>
          </reporter-output>
        </test-method> <!-- OpenBrowser -->
        <test-method signature="loginWithInvalidUserNameAndPassword()[pri:0, instance:test.LoginTest@477b4cdf]" started-at="2023-08-04T17:32:35 IST" name="loginWithInvalidUserNameAndPassword" finished-at="2023-08-04T17:32:48 IST" duration-ms="13145" status="PASS">
          <reporter-output>
          </reporter-output>
        </test-method> <!-- loginWithInvalidUserNameAndPassword -->
        <test-method is-config="true" signature="captureResult(org.testng.ITestResult)[pri:0, instance:test.LoginTest@477b4cdf]" started-at="2023-08-04T17:32:48 IST" name="captureResult" finished-at="2023-08-04T17:32:48 IST" duration-ms="313" status="PASS">
          <params>
            <param index="0">
              <value>
                <![CDATA[[TestResult name=loginWithInvalidUserNameAndPassword status=SUCCESS method=LoginTest.loginWithInvalidUserNameAndPassword()[pri:0, instance:test.LoginTest@477b4cdf] output={null}]]]>
              </value>
            </param>
          </params>
          <reporter-output>
          </reporter-output>
        </test-method> <!-- captureResult -->
        <test-method is-config="true" signature="OpenBrowser()[pri:0, instance:test.LoginTest@477b4cdf]" started-at="2023-08-04T17:32:48 IST" name="OpenBrowser" finished-at="2023-08-04T17:32:54 IST" duration-ms="5541" status="PASS">
          <reporter-output>
          </reporter-output>
        </test-method> <!-- OpenBrowser -->
        <test-method signature="loginWithValidCredentials()[pri:0, instance:test.LoginTest@477b4cdf]" started-at="2023-08-04T17:32:54 IST" name="loginWithValidCredentials" finished-at="2023-08-04T17:33:02 IST" duration-ms="8628" status="FAIL">
          <exception class="java.lang.AssertionError">
            <message>
              <![CDATA[expected [null] but found [Log in to Facebook]]]>
            </message>
            <full-stacktrace>
              <![CDATA[java.lang.AssertionError: expected [null] but found [Log in to Facebook]
at org.testng.Assert.fail(Assert.java:111)
at org.testng.Assert.failNotSame(Assert.java:1574)
at org.testng.Assert.assertNull(Assert.java:1507)
at org.testng.Assert.assertNull(Assert.java:1495)
at test.LoginTest.loginWithValidCredentials(LoginTest.java:48)
at java.base/jdk.internal.reflect.NativeMethodAccessorImpl.invoke0(Native Method)
at java.base/jdk.internal.reflect.NativeMethodAccessorImpl.invoke(NativeMethodAccessorImpl.java:77)
at java.base/jdk.internal.reflect.DelegatingMethodAccessorImpl.invoke(DelegatingMethodAccessorImpl.java:43)
at java.base/java.lang.reflect.Method.invoke(Method.java:568)
at org.testng.internal.invokers.MethodInvocationHelper.invokeMethod(MethodInvocationHelper.java:139)
at org.testng.internal.invokers.TestInvoker.invokeMethod(TestInvoker.java:664)
at org.testng.internal.invokers.TestInvoker.invokeTestMethod(TestInvoker.java:227)
at org.testng.internal.invokers.MethodRunner.runInSequence(MethodRunner.java:50)
at org.testng.internal.invokers.TestInvoker$MethodInvocationAgent.invoke(TestInvoker.java:957)
at org.testng.internal.invokers.TestInvoker.invokeTestMethods(TestInvoker.java:200)
at org.testng.internal.invokers.TestMethodWorker.invokeTestMethods(TestMethodWorker.java:148)
at org.testng.internal.invokers.TestMethodWorker.run(TestMethodWorker.java:128)
at java.base/java.util.ArrayList.forEach(ArrayList.java:1511)
at org.testng.TestRunner.privateRun(TestRunner.java:848)
at org.testng.TestRunner.run(TestRunner.java:621)
at org.testng.SuiteRunner.runTest(SuiteRunner.java:443)
at org.testng.SuiteRunner.runSequentially(SuiteRunner.java:437)
at org.testng.SuiteRunner.privateRun(SuiteRunner.java:397)
at org.testng.SuiteRunner.run(SuiteRunner.java:336)
at org.testng.SuiteRunnerWorker.runSuite(SuiteRunnerWorker.java:52)
at org.testng.SuiteRunnerWorker.run(SuiteRunnerWorker.java:95)
at org.testng.TestNG.runSuitesSequentially(TestNG.java:1280)
at org.testng.TestNG.runSuitesLocally(TestNG.java:1200)
at org.testng.TestNG.runSuites(TestNG.java:1114)
at org.testng.TestNG.run(TestNG.java:1082)
at org.testng.remote.AbstractRemoteTestNG.run(AbstractRemoteTestNG.java:115)
at org.testng.remote.RemoteTestNG.initAndRun(RemoteTestNG.java:251)
at org.testng.remote.RemoteTestNG.main(RemoteTestNG.java:77)
]]>
            </full-stacktrace>
          </exception> <!-- java.lang.AssertionError -->
          <reporter-output>
          </reporter-output>
        </test-method> <!-- loginWithValidCredentials -->
        <test-method is-config="true" signature="captureResult(org.testng.ITestResult)[pri:0, instance:test.LoginTest@477b4cdf]" started-at="2023-08-04T17:33:02 IST" name="captureResult" finished-at="2023-08-04T17:33:03 IST" duration-ms="388" status="PASS">
          <params>
            <param index="0">
              <value>
                <![CDATA[[TestResult name=loginWithValidCredentials status=FAILURE method=LoginTest.loginWithValidCredentials()[pri:0, instance:test.LoginTest@477b4cdf] output={null}]]]>
              </value>
            </param>
          </params>
          <reporter-output>
          </reporter-output>
        </test-method> <!-- captureResult -->
        <test-method is-config="true" signature="OpenBrowser()[pri:0, instance:test.LoginTest@477b4cdf]" started-at="2023-08-04T17:33:03 IST" name="OpenBrowser" finished-at="2023-08-04T17:33:07 IST" duration-ms="4567" status="PASS">
          <reporter-output>
          </reporter-output>
        </test-method> <!-- OpenBrowser -->
        <test-method signature="loginWithValidUserNameAndInvalidPassword()[pri:0, instance:test.LoginTest@477b4cdf]" started-at="2023-08-04T17:33:07 IST" name="loginWithValidUserNameAndInvalidPassword" finished-at="2023-08-04T17:33:08 IST" duration-ms="348" status="PASS">
          <reporter-output>
          </reporter-output>
        </test-method> <!-- loginWithValidUserNameAndInvalidPassword -->
        <test-method is-config="true" signature="captureResult(org.testng.ITestResult)[pri:0, instance:test.LoginTest@477b4cdf]" started-at="2023-08-04T17:33:08 IST" name="captureResult" finished-at="2023-08-04T17:33:08 IST" duration-ms="438" status="PASS">
          <params>
            <param index="0">
              <value>
                <![CDATA[[TestResult name=loginWithValidUserNameAndInvalidPassword status=SUCCESS method=LoginTest.loginWithValidUserNameAndInvalidPassword()[pri:0, instance:test.LoginTest@477b4cdf] output={null}]]]>
              </value>
            </param>
          </params>
          <reporter-output>
          </reporter-output>
        </test-method> <!-- captureResult -->
        <test-method is-config="true" signature="publish()[pri:0, instance:test.LoginTest@477b4cdf]" started-at="2023-08-04T17:33:08 IST" name="publish" finished-at="2023-08-04T17:33:09 IST" duration-ms="718" status="PASS">
          <reporter-output>
          </reporter-output>
        </test-method> <!-- publish -->
      </class> <!-- test.LoginTest -->
    </test> <!-- Default test -->
  </suite> <!-- Default suite -->
</testng-results>
